[     366ms] [WARNING] The width(-1) and height(-1) of chart should be greater than 0,
       please check the style of container, or the props width(100%) and height(100%),
       or add a minWidth(0) or minHeight(undefined) or use aspect(undefined) to control the
       height and width. @ http://localhost:5173/node_modules/.vite/deps/recharts.js?v=a2b18a4c:8638
[     366ms] [WARNING] The width(-1) and height(-1) of chart should be greater than 0,
       please check the style of container, or the props width(100%) and height(100%),
       or add a minWidth(0) or minHeight(undefined) or use aspect(undefined) to control the
       height and width. @ http://localhost:5173/node_modules/.vite/deps/recharts.js?v=a2b18a4c:8638
[     367ms] [WARNING] The width(-1) and height(-1) of chart should be greater than 0,
       please check the style of container, or the props width(100%) and height(100%),
       or add a minWidth(0) or minHeight(undefined) or use aspect(undefined) to control the
       height and width. @ http://localhost:5173/node_modules/.vite/deps/recharts.js?v=a2b18a4c:8638
[     367ms] [WARNING] The width(-1) and height(-1) of chart should be greater than 0,
       please check the style of container, or the props width(100%) and height(100%),
       or add a minWidth(0) or minHeight(undefined) or use aspect(undefined) to control the
       height and width. @ http://localhost:5173/node_modules/.vite/deps/recharts.js?v=a2b18a4c:8638
[     536ms] [WARNING] THREE.THREE.Clock: This module has been deprecated. Please use THREE.Timer instead. @ http://localhost:5173/node_modules/.vite/deps/chunk-CNHFXWMX.js?v=a2b18a4c:745
[     551ms] [WARNING] THREE.THREE.Clock: This module has been deprecated. Please use THREE.Timer instead. @ http://localhost:5173/node_modules/.vite/deps/chunk-CNHFXWMX.js?v=a2b18a4c:745
[     556ms] [WARNING] THREE.THREE.Clock: This module has been deprecated. Please use THREE.Timer instead. @ http://localhost:5173/node_modules/.vite/deps/chunk-CNHFXWMX.js?v=a2b18a4c:745
[     565ms] [WARNING] THREE.Color: Alpha component of rgba(140,139,106,0.19) will be ignored. @ http://localhost:5173/node_modules/.vite/deps/chunk-CNHFXWMX.js?v=a2b18a4c:745
[    1069ms] [WARNING] THREE.THREE.Clock: This module has been deprecated. Please use THREE.Timer instead. @ http://localhost:5173/node_modules/.vite/deps/chunk-CNHFXWMX.js?v=a2b18a4c:745
[    1075ms] [WARNING] THREE.THREE.Clock: This module has been deprecated. Please use THREE.Timer instead. @ http://localhost:5173/node_modules/.vite/deps/chunk-CNHFXWMX.js?v=a2b18a4c:745
[    1157ms] [WARNING] THREE.Color: Alpha component of rgba(140,139,106,0.19) will be ignored. @ http://localhost:5173/node_modules/.vite/deps/chunk-CNHFXWMX.js?v=a2b18a4c:745
