[     593ms] [WARNING] The width(-1) and height(-1) of chart should be greater than 0,
       please check the style of container, or the props width(100%) and height(100%),
       or add a minWidth(0) or minHeight(undefined) or use aspect(undefined) to control the
       height and width. @ http://localhost:5173/node_modules/.vite/deps/recharts.js?v=a2b18a4c:8638
[     593ms] [WARNING] The width(-1) and height(-1) of chart should be greater than 0,
       please check the style of container, or the props width(100%) and height(100%),
       or add a minWidth(0) or minHeight(undefined) or use aspect(undefined) to control the
       height and width. @ http://localhost:5173/node_modules/.vite/deps/recharts.js?v=a2b18a4c:8638
[     594ms] [WARNING] The width(-1) and height(-1) of chart should be greater than 0,
       please check the style of container, or the props width(100%) and height(100%),
       or add a minWidth(0) or minHeight(undefined) or use aspect(undefined) to control the
       height and width. @ http://localhost:5173/node_modules/.vite/deps/recharts.js?v=a2b18a4c:8638
[     594ms] [WARNING] The width(-1) and height(-1) of chart should be greater than 0,
       please check the style of container, or the props width(100%) and height(100%),
       or add a minWidth(0) or minHeight(undefined) or use aspect(undefined) to control the
       height and width. @ http://localhost:5173/node_modules/.vite/deps/recharts.js?v=a2b18a4c:8638
[     866ms] [WARNING] THREE.THREE.Clock: This module has been deprecated. Please use THREE.Timer instead. @ http://localhost:5173/node_modules/.vite/deps/chunk-CNHFXWMX.js?v=a2b18a4c:745
[     887ms] [WARNING] THREE.THREE.Clock: This module has been deprecated. Please use THREE.Timer instead. @ http://localhost:5173/node_modules/.vite/deps/chunk-CNHFXWMX.js?v=a2b18a4c:745
[     893ms] [WARNING] THREE.THREE.Clock: This module has been deprecated. Please use THREE.Timer instead. @ http://localhost:5173/node_modules/.vite/deps/chunk-CNHFXWMX.js?v=a2b18a4c:745
[     902ms] [WARNING] THREE.Color: Alpha component of rgba(140,139,106,0.19) will be ignored. @ http://localhost:5173/node_modules/.vite/deps/chunk-CNHFXWMX.js?v=a2b18a4c:745
[    1454ms] [WARNING] THREE.THREE.Clock: This module has been deprecated. Please use THREE.Timer instead. @ http://localhost:5173/node_modules/.vite/deps/chunk-CNHFXWMX.js?v=a2b18a4c:745
[    1459ms] [WARNING] THREE.THREE.Clock: This module has been deprecated. Please use THREE.Timer instead. @ http://localhost:5173/node_modules/.vite/deps/chunk-CNHFXWMX.js?v=a2b18a4c:745
[    1549ms] [WARNING] THREE.Color: Alpha component of rgba(140,139,106,0.19) will be ignored. @ http://localhost:5173/node_modules/.vite/deps/chunk-CNHFXWMX.js?v=a2b18a4c:745
[    7042ms] [WARNING] THREE.Color: Alpha component of rgba(149,134,101,0.19) will be ignored. @ http://localhost:5173/node_modules/.vite/deps/chunk-CNHFXWMX.js?v=a2b18a4c:745
